<?xml version="1.0" encoding="UTF-8" ?>
<testsuite failures="0" time="0.241" errors="0" skipped="0" tests="3" name="foo.user.UserServiceTest">
  <properties>
    <property name="java.runtime.name" value="Java(TM) SE Runtime Environment"/>
    <property name="sun.boot.library.path" value="/Library/Java/JavaVirtualMachines/jdk1.7.0_09.jdk/Contents/Home/jre/lib"/>
    <property name="java.vm.version" value="23.5-b02"/>
    <property name="gopherProxySet" value="false"/>
    <property name="java.vm.vendor" value="Oracle Corporation"/>
    <property name="java.vendor.url" value="http://java.oracle.com/"/>
    <property name="path.separator" value=":"/>
    <property name="java.vm.name" value="Java HotSpot(TM) 64-Bit Server VM"/>
    <property name="file.encoding.pkg" value="sun.io"/>
    <property name="user.country" value="US"/>
    <property name="sun.java.launcher" value="SUN_STANDARD"/>
    <property name="sun.os.patch.level" value="unknown"/>
    <property name="java.vm.specification.name" value="Java Virtual Machine Specification"/>
    <property name="user.dir" value="/Users/jordanbaucke/Documents/workspace-sts-3.1.0.RELEASE/spring-mvc-setup"/>
    <property name="java.runtime.version" value="1.7.0_09-b05"/>
    <property name="java.awt.graphicsenv" value="sun.awt.CGraphicsEnvironment"/>
    <property name="basedir" value="/Users/jordanbaucke/Documents/workspace-sts-3.1.0.RELEASE/spring-mvc-setup"/>
    <property name="java.endorsed.dirs" value="/Library/Java/JavaVirtualMachines/jdk1.7.0_09.jdk/Contents/Home/jre/lib/endorsed"/>
    <property name="os.arch" value="x86_64"/>
    <property name="surefire.real.class.path" value="/Users/jordanbaucke/Documents/workspace-sts-3.1.0.RELEASE/spring-mvc-setup/target/surefire/surefirebooter382208523696070111.jar"/>
    <property name="java.io.tmpdir" value="/var/folders/qm/2j9dg6xn2hg272nvw__xpgkw0000gn/T/"/>
    <property name="line.separator" value="
"/>
    <property name="java.vm.specification.vendor" value="Oracle Corporation"/>
    <property name="os.name" value="Mac OS X"/>
    <property name="sun.jnu.encoding" value="UTF-8"/>
    <property name="java.library.path" value="/Users/jordanbaucke/Library/Java/Extensions:/Library/Java/Extensions:/Network/Library/Java/Extensions:/System/Library/Java/Extensions:/usr/lib/java:."/>
    <property name="surefire.test.class.path" value="/Users/jordanbaucke/Documents/workspace-sts-3.1.0.RELEASE/spring-mvc-setup/target/test-classes:/Users/jordanbaucke/Documents/workspace-sts-3.1.0.RELEASE/spring-mvc-setup/target/classes:/Users/jordanbaucke/.m2/repository/org/springframework/spring-context/3.2.0.RELEASE/spring-context-3.2.0.RELEASE.jar:/Users/jordanbaucke/.m2/repository/org/springframework/spring-core/3.2.0.RELEASE/spring-core-3.2.0.RELEASE.jar:/Users/jordanbaucke/.m2/repository/org/springframework/spring-aop/3.2.0.RELEASE/spring-aop-3.2.0.RELEASE.jar:/Users/jordanbaucke/.m2/repository/org/springframework/spring-expression/3.2.0.RELEASE/spring-expression-3.2.0.RELEASE.jar:/Users/jordanbaucke/.m2/repository/org/springframework/spring-beans/3.2.0.RELEASE/spring-beans-3.2.0.RELEASE.jar:/Users/jordanbaucke/.m2/repository/org/springframework/spring-webmvc/3.2.0.RELEASE/spring-webmvc-3.2.0.RELEASE.jar:/Users/jordanbaucke/.m2/repository/org/springframework/spring-web/3.2.0.RELEASE/spring-web-3.2.0.RELEASE.jar:/Users/jordanbaucke/.m2/repository/org/springframework/security/spring-security-config/3.1.3.RELEASE/spring-security-config-3.1.3.RELEASE.jar:/Users/jordanbaucke/.m2/repository/org/springframework/security/spring-security-core/3.1.3.RELEASE/spring-security-core-3.1.3.RELEASE.jar:/Users/jordanbaucke/.m2/repository/aopalliance/aopalliance/1.0/aopalliance-1.0.jar:/Users/jordanbaucke/.m2/repository/org/springframework/security/spring-security-web/3.1.3.RELEASE/spring-security-web-3.1.3.RELEASE.jar:/Users/jordanbaucke/.m2/repository/org/springframework/security/spring-security-taglibs/3.1.3.RELEASE/spring-security-taglibs-3.1.3.RELEASE.jar:/Users/jordanbaucke/.m2/repository/org/springframework/security/spring-security-acl/3.1.3.RELEASE/spring-security-acl-3.1.3.RELEASE.jar:/Users/jordanbaucke/.m2/repository/org/springframework/spring-jdbc/3.2.0.RELEASE/spring-jdbc-3.2.0.RELEASE.jar:/Users/jordanbaucke/.m2/repository/org/springframework/spring-tx/3.2.0.RELEASE/spring-tx-3.2.0.RELEASE.jar:/Users/jordanbaucke/.m2/repository/org/springframework/spring-orm/3.2.0.RELEASE/spring-orm-3.2.0.RELEASE.jar:/Users/jordanbaucke/.m2/repository/org/hibernate/hibernate-entitymanager/3.6.8.Final/hibernate-entitymanager-3.6.8.Final.jar:/Users/jordanbaucke/.m2/repository/org/hibernate/hibernate-core/3.6.8.Final/hibernate-core-3.6.8.Final.jar:/Users/jordanbaucke/.m2/repository/antlr/antlr/2.7.6/antlr-2.7.6.jar:/Users/jordanbaucke/.m2/repository/commons-collections/commons-collections/3.1/commons-collections-3.1.jar:/Users/jordanbaucke/.m2/repository/dom4j/dom4j/1.6.1/dom4j-1.6.1.jar:/Users/jordanbaucke/.m2/repository/org/hibernate/hibernate-commons-annotations/3.2.0.Final/hibernate-commons-annotations-3.2.0.Final.jar:/Users/jordanbaucke/.m2/repository/javax/transaction/jta/1.1/jta-1.1.jar:/Users/jordanbaucke/.m2/repository/cglib/cglib/2.2/cglib-2.2.jar:/Users/jordanbaucke/.m2/repository/asm/asm/3.1/asm-3.1.jar:/Users/jordanbaucke/.m2/repository/javassist/javassist/3.12.0.GA/javassist-3.12.0.GA.jar:/Users/jordanbaucke/.m2/repository/org/hibernate/javax/persistence/hibernate-jpa-2.0-api/1.0.1.Final/hibernate-jpa-2.0-api-1.0.1.Final.jar:/Users/jordanbaucke/.m2/repository/hsqldb/hsqldb/1.8.0.10/hsqldb-1.8.0.10.jar:/Users/jordanbaucke/.m2/repository/javax/validation/validation-api/1.0.0.GA/validation-api-1.0.0.GA.jar:/Users/jordanbaucke/.m2/repository/org/hibernate/hibernate-validator/4.3.0.Final/hibernate-validator-4.3.0.Final.jar:/Users/jordanbaucke/.m2/repository/org/jboss/logging/jboss-logging/3.1.0.CR2/jboss-logging-3.1.0.CR2.jar:/Users/jordanbaucke/.m2/repository/org/apache/tiles/tiles-jsp/3.0.1/tiles-jsp-3.0.1.jar:/Users/jordanbaucke/.m2/repository/org/apache/tiles/tiles-servlet/3.0.1/tiles-servlet-3.0.1.jar:/Users/jordanbaucke/.m2/repository/org/apache/tiles/tiles-core/3.0.1/tiles-core-3.0.1.jar:/Users/jordanbaucke/.m2/repository/commons-digester/commons-digester/2.0/commons-digester-2.0.jar:/Users/jordanbaucke/.m2/repository/commons-beanutils/commons-beanutils/1.8.0/commons-beanutils-1.8.0.jar:/Users/jordanbaucke/.m2/repository/org/apache/tiles/tiles-request-servlet/1.0.1/tiles-request-servlet-1.0.1.jar:/Users/jordanbaucke/.m2/repository/org/apache/tiles/tiles-template/3.0.1/tiles-template-3.0.1.jar:/Users/jordanbaucke/.m2/repository/org/apache/tiles/tiles-api/3.0.1/tiles-api-3.0.1.jar:/Users/jordanbaucke/.m2/repository/org/apache/tiles/tiles-autotag-core-runtime/1.1.0/tiles-autotag-core-runtime-1.1.0.jar:/Users/jordanbaucke/.m2/repository/org/apache/tiles/tiles-request-jsp/1.0.1/tiles-request-jsp-1.0.1.jar:/Users/jordanbaucke/.m2/repository/org/apache/tiles/tiles-request-api/1.0.1/tiles-request-api-1.0.1.jar:/Users/jordanbaucke/.m2/repository/org/aspectj/aspectjrt/1.7.0/aspectjrt-1.7.0.jar:/Users/jordanbaucke/.m2/repository/org/slf4j/slf4j-api/1.7.2/slf4j-api-1.7.2.jar:/Users/jordanbaucke/.m2/repository/org/slf4j/jcl-over-slf4j/1.7.2/jcl-over-slf4j-1.7.2.jar:/Users/jordanbaucke/.m2/repository/ch/qos/logback/logback-classic/1.0.7/logback-classic-1.0.7.jar:/Users/jordanbaucke/.m2/repository/ch/qos/logback/logback-core/1.0.7/logback-core-1.0.7.jar:/Users/jordanbaucke/.m2/repository/javax/inject/javax.inject/1/javax.inject-1.jar:/Users/jordanbaucke/.m2/repository/org/apache/geronimo/specs/geronimo-servlet_3.0_spec/1.0/geronimo-servlet_3.0_spec-1.0.jar:/Users/jordanbaucke/.m2/repository/javax/servlet/jsp/jsp-api/2.1/jsp-api-2.1.jar:/Users/jordanbaucke/.m2/repository/javax/servlet/jstl/1.2/jstl-1.2.jar:/Users/jordanbaucke/.m2/repository/org/codehaus/jackson/jackson-mapper-asl/1.9.9/jackson-mapper-asl-1.9.9.jar:/Users/jordanbaucke/.m2/repository/org/codehaus/jackson/jackson-core-asl/1.9.9/jackson-core-asl-1.9.9.jar:/Users/jordanbaucke/.m2/repository/junit/junit/4.8.2/junit-4.8.2.jar:/Users/jordanbaucke/.m2/repository/org/mockito/mockito-all/1.9.0/mockito-all-1.9.0.jar:/Users/jordanbaucke/.m2/repository/org/springframework/spring-test/3.2.0.RELEASE/spring-test-3.2.0.RELEASE.jar:"/>
    <property name="java.specification.name" value="Java Platform API Specification"/>
    <property name="java.class.version" value="51.0"/>
    <property name="sun.management.compiler" value="HotSpot 64-Bit Tiered Compilers"/>
    <property name="os.version" value="10.8.2"/>
    <property name="http.nonProxyHosts" value="local|*.local|169.254/16|*.169.254/16"/>
    <property name="user.home" value="/Users/jordanbaucke"/>
    <property name="user.timezone" value=""/>
    <property name="java.awt.printerjob" value="sun.lwawt.macosx.CPrinterJob"/>
    <property name="java.specification.version" value="1.7"/>
    <property name="file.encoding" value="UTF-8"/>
    <property name="user.name" value="jordanbaucke"/>
    <property name="java.class.path" value="/Users/jordanbaucke/Documents/workspace-sts-3.1.0.RELEASE/spring-mvc-setup/target/test-classes:/Users/jordanbaucke/Documents/workspace-sts-3.1.0.RELEASE/spring-mvc-setup/target/classes:/Users/jordanbaucke/.m2/repository/org/springframework/spring-context/3.2.0.RELEASE/spring-context-3.2.0.RELEASE.jar:/Users/jordanbaucke/.m2/repository/org/springframework/spring-core/3.2.0.RELEASE/spring-core-3.2.0.RELEASE.jar:/Users/jordanbaucke/.m2/repository/org/springframework/spring-aop/3.2.0.RELEASE/spring-aop-3.2.0.RELEASE.jar:/Users/jordanbaucke/.m2/repository/org/springframework/spring-expression/3.2.0.RELEASE/spring-expression-3.2.0.RELEASE.jar:/Users/jordanbaucke/.m2/repository/org/springframework/spring-beans/3.2.0.RELEASE/spring-beans-3.2.0.RELEASE.jar:/Users/jordanbaucke/.m2/repository/org/springframework/spring-webmvc/3.2.0.RELEASE/spring-webmvc-3.2.0.RELEASE.jar:/Users/jordanbaucke/.m2/repository/org/springframework/spring-web/3.2.0.RELEASE/spring-web-3.2.0.RELEASE.jar:/Users/jordanbaucke/.m2/repository/org/springframework/security/spring-security-config/3.1.3.RELEASE/spring-security-config-3.1.3.RELEASE.jar:/Users/jordanbaucke/.m2/repository/org/springframework/security/spring-security-core/3.1.3.RELEASE/spring-security-core-3.1.3.RELEASE.jar:/Users/jordanbaucke/.m2/repository/aopalliance/aopalliance/1.0/aopalliance-1.0.jar:/Users/jordanbaucke/.m2/repository/org/springframework/security/spring-security-web/3.1.3.RELEASE/spring-security-web-3.1.3.RELEASE.jar:/Users/jordanbaucke/.m2/repository/org/springframework/security/spring-security-taglibs/3.1.3.RELEASE/spring-security-taglibs-3.1.3.RELEASE.jar:/Users/jordanbaucke/.m2/repository/org/springframework/security/spring-security-acl/3.1.3.RELEASE/spring-security-acl-3.1.3.RELEASE.jar:/Users/jordanbaucke/.m2/repository/org/springframework/spring-jdbc/3.2.0.RELEASE/spring-jdbc-3.2.0.RELEASE.jar:/Users/jordanbaucke/.m2/repository/org/springframework/spring-tx/3.2.0.RELEASE/spring-tx-3.2.0.RELEASE.jar:/Users/jordanbaucke/.m2/repository/org/springframework/spring-orm/3.2.0.RELEASE/spring-orm-3.2.0.RELEASE.jar:/Users/jordanbaucke/.m2/repository/org/hibernate/hibernate-entitymanager/3.6.8.Final/hibernate-entitymanager-3.6.8.Final.jar:/Users/jordanbaucke/.m2/repository/org/hibernate/hibernate-core/3.6.8.Final/hibernate-core-3.6.8.Final.jar:/Users/jordanbaucke/.m2/repository/antlr/antlr/2.7.6/antlr-2.7.6.jar:/Users/jordanbaucke/.m2/repository/commons-collections/commons-collections/3.1/commons-collections-3.1.jar:/Users/jordanbaucke/.m2/repository/dom4j/dom4j/1.6.1/dom4j-1.6.1.jar:/Users/jordanbaucke/.m2/repository/org/hibernate/hibernate-commons-annotations/3.2.0.Final/hibernate-commons-annotations-3.2.0.Final.jar:/Users/jordanbaucke/.m2/repository/javax/transaction/jta/1.1/jta-1.1.jar:/Users/jordanbaucke/.m2/repository/cglib/cglib/2.2/cglib-2.2.jar:/Users/jordanbaucke/.m2/repository/asm/asm/3.1/asm-3.1.jar:/Users/jordanbaucke/.m2/repository/javassist/javassist/3.12.0.GA/javassist-3.12.0.GA.jar:/Users/jordanbaucke/.m2/repository/org/hibernate/javax/persistence/hibernate-jpa-2.0-api/1.0.1.Final/hibernate-jpa-2.0-api-1.0.1.Final.jar:/Users/jordanbaucke/.m2/repository/hsqldb/hsqldb/1.8.0.10/hsqldb-1.8.0.10.jar:/Users/jordanbaucke/.m2/repository/javax/validation/validation-api/1.0.0.GA/validation-api-1.0.0.GA.jar:/Users/jordanbaucke/.m2/repository/org/hibernate/hibernate-validator/4.3.0.Final/hibernate-validator-4.3.0.Final.jar:/Users/jordanbaucke/.m2/repository/org/jboss/logging/jboss-logging/3.1.0.CR2/jboss-logging-3.1.0.CR2.jar:/Users/jordanbaucke/.m2/repository/org/apache/tiles/tiles-jsp/3.0.1/tiles-jsp-3.0.1.jar:/Users/jordanbaucke/.m2/repository/org/apache/tiles/tiles-servlet/3.0.1/tiles-servlet-3.0.1.jar:/Users/jordanbaucke/.m2/repository/org/apache/tiles/tiles-core/3.0.1/tiles-core-3.0.1.jar:/Users/jordanbaucke/.m2/repository/commons-digester/commons-digester/2.0/commons-digester-2.0.jar:/Users/jordanbaucke/.m2/repository/commons-beanutils/commons-beanutils/1.8.0/commons-beanutils-1.8.0.jar:/Users/jordanbaucke/.m2/repository/org/apache/tiles/tiles-request-servlet/1.0.1/tiles-request-servlet-1.0.1.jar:/Users/jordanbaucke/.m2/repository/org/apache/tiles/tiles-template/3.0.1/tiles-template-3.0.1.jar:/Users/jordanbaucke/.m2/repository/org/apache/tiles/tiles-api/3.0.1/tiles-api-3.0.1.jar:/Users/jordanbaucke/.m2/repository/org/apache/tiles/tiles-autotag-core-runtime/1.1.0/tiles-autotag-core-runtime-1.1.0.jar:/Users/jordanbaucke/.m2/repository/org/apache/tiles/tiles-request-jsp/1.0.1/tiles-request-jsp-1.0.1.jar:/Users/jordanbaucke/.m2/repository/org/apache/tiles/tiles-request-api/1.0.1/tiles-request-api-1.0.1.jar:/Users/jordanbaucke/.m2/repository/org/aspectj/aspectjrt/1.7.0/aspectjrt-1.7.0.jar:/Users/jordanbaucke/.m2/repository/org/slf4j/slf4j-api/1.7.2/slf4j-api-1.7.2.jar:/Users/jordanbaucke/.m2/repository/org/slf4j/jcl-over-slf4j/1.7.2/jcl-over-slf4j-1.7.2.jar:/Users/jordanbaucke/.m2/repository/ch/qos/logback/logback-classic/1.0.7/logback-classic-1.0.7.jar:/Users/jordanbaucke/.m2/repository/ch/qos/logback/logback-core/1.0.7/logback-core-1.0.7.jar:/Users/jordanbaucke/.m2/repository/javax/inject/javax.inject/1/javax.inject-1.jar:/Users/jordanbaucke/.m2/repository/org/apache/geronimo/specs/geronimo-servlet_3.0_spec/1.0/geronimo-servlet_3.0_spec-1.0.jar:/Users/jordanbaucke/.m2/repository/javax/servlet/jsp/jsp-api/2.1/jsp-api-2.1.jar:/Users/jordanbaucke/.m2/repository/javax/servlet/jstl/1.2/jstl-1.2.jar:/Users/jordanbaucke/.m2/repository/org/codehaus/jackson/jackson-mapper-asl/1.9.9/jackson-mapper-asl-1.9.9.jar:/Users/jordanbaucke/.m2/repository/org/codehaus/jackson/jackson-core-asl/1.9.9/jackson-core-asl-1.9.9.jar:/Users/jordanbaucke/.m2/repository/junit/junit/4.8.2/junit-4.8.2.jar:/Users/jordanbaucke/.m2/repository/org/mockito/mockito-all/1.9.0/mockito-all-1.9.0.jar:/Users/jordanbaucke/.m2/repository/org/springframework/spring-test/3.2.0.RELEASE/spring-test-3.2.0.RELEASE.jar:"/>
    <property name="java.vm.specification.version" value="1.7"/>
    <property name="sun.arch.data.model" value="64"/>
    <property name="java.home" value="/Library/Java/JavaVirtualMachines/jdk1.7.0_09.jdk/Contents/Home/jre"/>
    <property name="sun.java.command" value="/Users/jordanbaucke/Documents/workspace-sts-3.1.0.RELEASE/spring-mvc-setup/target/surefire/surefirebooter382208523696070111.jar /Users/jordanbaucke/Documents/workspace-sts-3.1.0.RELEASE/spring-mvc-setup/target/surefire/surefire4261236137894571778tmp /Users/jordanbaucke/Documents/workspace-sts-3.1.0.RELEASE/spring-mvc-setup/target/surefire/surefire2406828648148807247tmp"/>
    <property name="java.specification.vendor" value="Oracle Corporation"/>
    <property name="user.language" value="en"/>
    <property name="awt.toolkit" value="sun.lwawt.macosx.LWCToolkit"/>
    <property name="java.vm.info" value="mixed mode"/>
    <property name="java.version" value="1.7.0_09"/>
    <property name="java.ext.dirs" value="/Users/jordanbaucke/Library/Java/Extensions:/Library/Java/JavaVirtualMachines/jdk1.7.0_09.jdk/Contents/Home/jre/lib/ext:/Library/Java/Extensions:/Network/Library/Java/Extensions:/System/Library/Java/Extensions:/usr/lib/java"/>
    <property name="sun.boot.class.path" value="/Library/Java/JavaVirtualMachines/jdk1.7.0_09.jdk/Contents/Home/jre/lib/resources.jar:/Library/Java/JavaVirtualMachines/jdk1.7.0_09.jdk/Contents/Home/jre/lib/rt.jar:/Library/Java/JavaVirtualMachines/jdk1.7.0_09.jdk/Contents/Home/jre/lib/sunrsasign.jar:/Library/Java/JavaVirtualMachines/jdk1.7.0_09.jdk/Contents/Home/jre/lib/jsse.jar:/Library/Java/JavaVirtualMachines/jdk1.7.0_09.jdk/Contents/Home/jre/lib/jce.jar:/Library/Java/JavaVirtualMachines/jdk1.7.0_09.jdk/Contents/Home/jre/lib/charsets.jar:/Library/Java/JavaVirtualMachines/jdk1.7.0_09.jdk/Contents/Home/jre/lib/jfr.jar:/Library/Java/JavaVirtualMachines/jdk1.7.0_09.jdk/Contents/Home/jre/lib/JObjC.jar:/Library/Java/JavaVirtualMachines/jdk1.7.0_09.jdk/Contents/Home/jre/classes"/>
    <property name="java.vendor" value="Oracle Corporation"/>
    <property name="localRepository" value="/Users/jordanbaucke/.m2/repository"/>
    <property name="file.separator" value="/"/>
    <property name="java.vendor.url.bug" value="http://bugreport.sun.com/bugreport/"/>
    <property name="sun.cpu.endian" value="little"/>
    <property name="sun.io.unicode.encoding" value="UnicodeBig"/>
    <property name="socksNonProxyHosts" value="local|*.local|169.254/16|*.169.254/16"/>
    <property name="ftp.nonProxyHosts" value="local|*.local|169.254/16|*.169.254/16"/>
    <property name="sun.cpu.isalist" value=""/>
  </properties>
  <testcase time="0.137" classname="foo.user.UserServiceTest" name="shouldInitializeWithOneDemoUser"/>
  <testcase time="0.009" classname="foo.user.UserServiceTest" name="shouldThrowExceptionWhenUserNotFound"/>
  <testcase time="0.006" classname="foo.user.UserServiceTest" name="shouldReturnUserDetails"/>
</testsuite>